[
  {
    "line": 2,
    "elements": [
      {
        "before": [
          {
            "result": {
              "duration": 12097346,
              "status": "passed"
            },
            "match": {
              "location": "ServiceHooks.beforeScenario()"
            }
          },
          {
            "result": {
              "duration": 9081730968,
              "status": "passed"
            },
            "match": {
              "location": "ServiceHooks.beforeSteps(Scenario)"
            }
          }
        ],
        "line": 14,
        "name": "MD_Create_Duplicate_New_Model",
        "description": "",
        "id": "model-function;md-create-duplicate-new-model;;2",
        "after": [
          {
            "result": {
              "duration": 581435925,
              "status": "passed"
            },
            "match": {
              "location": "ServiceHooks.afterScenario(Scenario)"
            }
          },
          {
            "result": {
              "duration": 174713301,
              "status": "passed"
            },
            "match": {
              "location": "ServiceHooks.afterSteps()"
            }
          }
        ],
        "type": "scenario",
        "keyword": "Scenario Outline",
        "steps": [
          {
            "result": {
              "duration": 62376687110,
              "status": "passed"
            },
            "line": 8,
            "name": "I login successfully with userName \"dinhquyenonline1@gmail.com\" and passWord \"0906879564@Qt\" that login \"passed\"",
            "match": {
              "arguments": [
                {
                  "val": "dinhquyenonline1@gmail.com",
                  "offset": 36
                },
                {
                  "val": "0906879564@Qt",
                  "offset": 78
                },
                {
                  "val": "passed",
                  "offset": 105
                }
              ],
              "location": "CommonSteps.iLoginSuccessfullyWithUserNameAndPassWordThatLogin(String,String,String)"
            },
            "matchedColumns": [
              1,
              2,
              6
            ],
            "keyword": "Given "
          },
          {
            "result": {
              "duration": 178204082,
              "status": "passed"
            },
            "line": 9,
            "name": "I Click on Model Link",
            "match": {
              "location": "ModelSteps.iClickOnModelLink()"
            },
            "keyword": "Then "
          },
          {
            "result": {
              "duration": 8551794781,
              "error_message": "org.openqa.selenium.NoSuchElementException: Timed out after 5 seconds. Unable to locate the element\n\tat org.openqa.selenium.support.pagefactory.AjaxElementLocator.findElement(AjaxElementLocator.java:90)\n\tat org.openqa.selenium.support.pagefactory.internal.LocatingElementHandler.invoke(LocatingElementHandler.java:38)\n\tat com.sun.proxy.$Proxy20.click(Unknown Source)\n\tat flowstep.pages.BasePage.click(BasePage.java:48)\n\tat flowstep.pages.home.ModelsPage.enterDescribeData(ModelsPage.java:226)\n\tat flowstep.pages.home.ModelsPage.addNewModel(ModelsPage.java:309)\n\tat suite.stepdefs.ModelSteps.addNewModelWithExistingNameAndTypeOfModel(ModelSteps.java:34)\n\tat âœ½.Then Add New Model With Existing Name \"ANewModeal\" and Type Of Model \"objectType\"(Models.feature:10)\nCaused by: org.openqa.selenium.NoSuchElementException: no such element: Unable to locate element: {\"method\":\"name\",\"selector\":\"additionalItems\"}\n  (Session info: chrome\u003d80.0.3987.132)\n  (Driver info: chromedriver\u003d71.0.3578.80 (2ac50e7249fbd55e6f517a28131605c9fb9fe897),platform\u003dMac OS X 10.12.6 x86_64) (WARNING: The server did not provide any stacktrace information)\nCommand duration or timeout: 0 milliseconds\nFor documentation on this error, please visit: http://seleniumhq.org/exceptions/no_such_element.html\nBuild info: version: \u00273.13.0\u0027, revision: \u00272f0d292\u0027, time: \u00272018-06-25T15:24:21.231Z\u0027\nSystem info: host: \u0027Vus-MacBook-Pro\u0027, ip: \u0027fe80:0:0:0:466:e2d8:b52:6cfa%en0\u0027, os.name: \u0027Mac OS X\u0027, os.arch: \u0027x86_64\u0027, os.version: \u002710.12.6\u0027, java.version: \u00271.8.0_241\u0027\nDriver info: org.openqa.selenium.chrome.ChromeDriver\nCapabilities {acceptInsecureCerts: false, acceptSslCerts: false, applicationCacheEnabled: false, browserConnectionEnabled: false, browserName: chrome, chrome: {chromedriverVersion: 71.0.3578.80 (2ac50e7249fbd..., userDataDir: /var/folders/xt/z4ytjx095bg...}, cssSelectorsEnabled: true, databaseEnabled: false, goog:chromeOptions: {debuggerAddress: localhost:57557}, handlesAlerts: true, hasTouchScreen: false, javascriptEnabled: true, locationContextEnabled: true, mobileEmulationEnabled: false, nativeEvents: true, networkConnectionEnabled: false, pageLoadStrategy: normal, platform: MAC, platformName: MAC, rotatable: false, setWindowRect: true, takesHeapSnapshot: true, takesScreenshot: true, unexpectedAlertBehaviour: , unhandledPromptBehavior: , version: 80.0.3987.132, webStorageEnabled: true}\nSession ID: 78083cd1b210b9f7f7304334c4080efe\n*** Element info: {Using\u003dname, value\u003dadditionalItems}\n\tat sun.reflect.GeneratedConstructorAccessor17.newInstance(Unknown Source)\n\tat sun.reflect.DelegatingConstructorAccessorImpl.newInstance(DelegatingConstructorAccessorImpl.java:45)\n\tat java.lang.reflect.Constructor.newInstance(Constructor.java:423)\n\tat org.openqa.selenium.remote.ErrorHandler.createThrowable(ErrorHandler.java:214)\n\tat org.openqa.selenium.remote.ErrorHandler.throwIfResponseFailed(ErrorHandler.java:166)\n\tat org.openqa.selenium.remote.http.JsonHttpResponseCodec.reconstructValue(JsonHttpResponseCodec.java:40)\n\tat org.openqa.selenium.remote.http.AbstractHttpResponseCodec.decode(AbstractHttpResponseCodec.java:80)\n\tat org.openqa.selenium.remote.http.AbstractHttpResponseCodec.decode(AbstractHttpResponseCodec.java:44)\n\tat org.openqa.selenium.remote.HttpCommandExecutor.execute(HttpCommandExecutor.java:158)\n\tat org.openqa.selenium.remote.service.DriverCommandExecutor.execute(DriverCommandExecutor.java:83)\n\tat org.openqa.selenium.remote.RemoteWebDriver.execute(RemoteWebDriver.java:548)\n\tat org.openqa.selenium.remote.RemoteWebDriver.findElement(RemoteWebDriver.java:322)\n\tat org.openqa.selenium.remote.RemoteWebDriver.findElementByName(RemoteWebDriver.java:400)\n\tat org.openqa.selenium.By$ByName.findElement(By.java:284)\n\tat org.openqa.selenium.remote.RemoteWebDriver.findElement(RemoteWebDriver.java:314)\n\tat org.openqa.selenium.support.pagefactory.DefaultElementLocator.findElement(DefaultElementLocator.java:69)\n\tat org.openqa.selenium.support.pagefactory.AjaxElementLocator.access$001(AjaxElementLocator.java:40)\n\tat org.openqa.selenium.support.pagefactory.AjaxElementLocator$SlowLoadingElement.isLoaded(AjaxElementLocator.java:156)\n\tat org.openqa.selenium.support.ui.SlowLoadableComponent.get(SlowLoadableComponent.java:69)\n\tat org.openqa.selenium.support.pagefactory.AjaxElementLocator.findElement(AjaxElementLocator.java:86)\n\tat org.openqa.selenium.support.pagefactory.internal.LocatingElementHandler.invoke(LocatingElementHandler.java:38)\n\tat com.sun.proxy.$Proxy20.click(Unknown Source)\n\tat flowstep.pages.BasePage.click(BasePage.java:48)\n\tat flowstep.pages.home.ModelsPage.enterDescribeData(ModelsPage.java:226)\n\tat flowstep.pages.home.ModelsPage.addNewModel(ModelsPage.java:309)\n\tat suite.stepdefs.ModelSteps.addNewModelWithExistingNameAndTypeOfModel(ModelSteps.java:34)\n\tat sun.reflect.NativeMethodAccessorImpl.invoke0(Native Method)\n\tat sun.reflect.NativeMethodAccessorImpl.invoke(NativeMethodAccessorImpl.java:62)\n\tat sun.reflect.DelegatingMethodAccessorImpl.invoke(DelegatingMethodAccessorImpl.java:43)\n\tat java.lang.reflect.Method.invoke(Method.java:498)\n\tat cucumber.runtime.Utils$1.call(Utils.java:40)\n\tat cucumber.runtime.Timeout.timeout(Timeout.java:16)\n\tat cucumber.runtime.Utils.invoke(Utils.java:34)\n\tat cucumber.runtime.java.JavaStepDefinition.execute(JavaStepDefinition.java:38)\n\tat cucumber.runtime.StepDefinitionMatch.runStep(StepDefinitionMatch.java:37)\n\tat cucumber.runtime.Runtime.runStep(Runtime.java:300)\n\tat cucumber.runtime.model.StepContainer.runStep(StepContainer.java:44)\n\tat cucumber.runtime.model.StepContainer.runSteps(StepContainer.java:39)\n\tat cucumber.runtime.model.CucumberScenario.run(CucumberScenario.java:44)\n\tat cucumber.runtime.model.CucumberScenarioOutline.run(CucumberScenarioOutline.java:46)\n\tat cucumber.runtime.model.CucumberFeature.run(CucumberFeature.java:165)\n\tat cucumber.api.testng.TestNGCucumberRunner.runCucumber(TestNGCucumberRunner.java:63)\n\tat suite.TestRunner.flowSteps(TestRunner.java:35)\n\tat sun.reflect.NativeMethodAccessorImpl.invoke0(Native Method)\n\tat sun.reflect.NativeMethodAccessorImpl.invoke(NativeMethodAccessorImpl.java:62)\n\tat sun.reflect.DelegatingMethodAccessorImpl.invoke(DelegatingMethodAccessorImpl.java:43)\n\tat java.lang.reflect.Method.invoke(Method.java:498)\n\tat org.testng.internal.MethodInvocationHelper.invokeMethod(MethodInvocationHelper.java:124)\n\tat org.testng.internal.Invoker.invokeMethod(Invoker.java:583)\n\tat org.testng.internal.Invoker.invokeTestMethod(Invoker.java:719)\n\tat org.testng.internal.Invoker.invokeTestMethods(Invoker.java:989)\n\tat org.testng.internal.TestMethodWorker.invokeTestMethods(TestMethodWorker.java:125)\n\tat org.testng.internal.TestMethodWorker.run(TestMethodWorker.java:109)\n\tat org.testng.TestRunner.privateRun(TestRunner.java:648)\n\tat org.testng.TestRunner.run(TestRunner.java:505)\n\tat org.testng.SuiteRunner.runTest(SuiteRunner.java:455)\n\tat org.testng.SuiteRunner.runSequentially(SuiteRunner.java:450)\n\tat org.testng.SuiteRunner.privateRun(SuiteRunner.java:415)\n\tat org.testng.SuiteRunner.run(SuiteRunner.java:364)\n\tat org.testng.SuiteRunnerWorker.runSuite(SuiteRunnerWorker.java:52)\n\tat org.testng.SuiteRunnerWorker.run(SuiteRunnerWorker.java:84)\n\tat org.testng.TestNG.runSuitesSequentially(TestNG.java:1208)\n\tat org.testng.TestNG.runSuitesLocally(TestNG.java:1137)\n\tat org.testng.TestNG.runSuites(TestNG.java:1049)\n\tat org.testng.TestNG.run(TestNG.java:1017)\n\tat com.intellij.rt.testng.IDEARemoteTestNG.run(IDEARemoteTestNG.java:66)\n\tat com.intellij.rt.testng.RemoteTestNGStarter.main(RemoteTestNGStarter.java:110)\n",
              "status": "failed"
            },
            "line": 10,
            "name": "Add New Model With Existing Name \"ANewModeal\" and Type Of Model \"objectType\"",
            "match": {
              "arguments": [
                {
                  "val": "ANewModeal",
                  "offset": 34
                },
                {
                  "val": "objectType",
                  "offset": 65
                }
              ],
              "location": "ModelSteps.addNewModelWithExistingNameAndTypeOfModel(String,String)"
            },
            "matchedColumns": [
              3,
              4
            ],
            "keyword": "Then "
          },
          {
            "result": {
              "status": "skipped"
            },
            "line": 11,
            "name": "Verify the error message \"A model with name Bad Request Response already exists\" will be displayed",
            "match": {
              "arguments": [
                {
                  "val": "A model with name Bad Request Response already exists",
                  "offset": 26
                }
              ],
              "location": "ModelSteps.verifyTheErrorMessageWillBeDisplayed(String)"
            },
            "matchedColumns": [
              5
            ],
            "keyword": "And "
          }
        ],
        "tags": [
          {
            "line": 6,
            "name": "@MD_Create_Duplicate_New_Model"
          },
          {
            "line": 1,
            "name": "@Model"
          }
        ]
      }
    ],
    "name": "Model Function",
    "description": "As a\nI want to be ensure that the model feature works well",
    "id": "model-function",
    "keyword": "Feature",
    "uri": "Models.feature",
    "tags": [
      {
        "line": 1,
        "name": "@Model"
      }
    ]
  }
]